d:\workspace\complusory\os\bighw\filesystem\filesystem\debug\vc143.pdb
d:\workspace\complusory\os\bighw\filesystem\filesystem\debug\vc143.idb
d:\workspace\complusory\os\bighw\filesystem\filesystem\debug\user.obj
d:\workspace\complusory\os\bighw\filesystem\filesystem\debug\openfilemanager.obj
d:\workspace\complusory\os\bighw\filesystem\filesystem\debug\main.obj
d:\workspace\complusory\os\bighw\filesystem\filesystem\debug\command.obj
d:\workspace\complusory\os\bighw\filesystem\filesystem\debug\filemanager.obj
d:\workspace\complusory\os\bighw\filesystem\filesystem\debug\file.obj
d:\workspace\complusory\os\bighw\filesystem\filesystem\debug\devicemanager.obj
d:\workspace\complusory\os\bighw\filesystem\filesystem\debug\buffermanager.obj
d:\workspace\complusory\os\bighw\filesystem\filesystem\debug\inode.obj
d:\workspace\complusory\os\bighw\filesystem\filesystem\debug\filesystem.obj
d:\workspace\complusory\os\bighw\filesystem\filesystem\debug\buf.obj
d:\workspace\complusory\os\bighw\filesystem\debug\filesystem.pdb
d:\workspace\complusory\os\bighw\filesystem\filesystem\debug\filesystem.tlog\cl.command.1.tlog
d:\workspace\complusory\os\bighw\filesystem\filesystem\debug\filesystem.tlog\cl.read.1.tlog
d:\workspace\complusory\os\bighw\filesystem\filesystem\debug\filesystem.tlog\cl.write.1.tlog
d:\workspace\complusory\os\bighw\filesystem\filesystem\debug\filesystem.tlog\link.7828-cvtres.read.1.tlog
d:\workspace\complusory\os\bighw\filesystem\filesystem\debug\filesystem.tlog\link.7828-cvtres.write.1.tlog
d:\workspace\complusory\os\bighw\filesystem\filesystem\debug\filesystem.tlog\link.7828-rc.read.1.tlog
d:\workspace\complusory\os\bighw\filesystem\filesystem\debug\filesystem.tlog\link.7828-rc.write.1.tlog
d:\workspace\complusory\os\bighw\filesystem\filesystem\debug\filesystem.tlog\link.7828.read.1.tlog
d:\workspace\complusory\os\bighw\filesystem\filesystem\debug\filesystem.tlog\link.7828.write.1.tlog
d:\workspace\complusory\os\bighw\filesystem\filesystem\debug\filesystem.tlog\link.command.1.tlog
d:\workspace\complusory\os\bighw\filesystem\filesystem\debug\filesystem.tlog\link.read.1.tlog
d:\workspace\complusory\os\bighw\filesystem\filesystem\debug\filesystem.tlog\link.write.1.tlog
